<?xml version="1.0" encoding="UTF-8"?>
<robot generator="Robot 5.0.1 (Python 3.10.12 on win32)" generated="20250922 14:45:30.379" rpa="false" schemaversion="3">
<suite id="s1" name="Casos De Teste" source="c:\Users\nicol\Documents\analise-estrategica-financeira-teste\robot\casos_de_teste.robot">
<test id="s1-t1" name="C-016: Dar &quot;Dislike&quot; na resposta da IA" line="151">
<kw name="Abrir O Navegador" library="resources" type="SETUP">
<kw name="Open Browser" library="SeleniumLibrary">
<arg>browser=chrome</arg>
<doc>Opens a new browser instance to the optional ``url``.</doc>
<msg timestamp="20250922 14:45:30.950" level="INFO">Opening browser 'chrome' to base url 'None'.</msg>
<status status="PASS" starttime="20250922 14:45:30.949" endtime="20250922 14:45:33.748"/>
</kw>
<kw name="Maximize Browser Window" library="SeleniumLibrary">
<doc>Maximizes current browser window.</doc>
<status status="PASS" starttime="20250922 14:45:33.749" endtime="20250922 14:45:34.128"/>
</kw>
<status status="PASS" starttime="20250922 14:45:30.948" endtime="20250922 14:45:34.131"/>
</kw>
<kw name="Acessar url do projeto" library="resources">
<kw name="Go To" library="SeleniumLibrary">
<arg>url=${URL}</arg>
<doc>Navigates the current browser window to the provided ``url``.</doc>
<msg timestamp="20250922 14:45:34.150" level="INFO">Opening url 'http://localhost:3001/'</msg>
<status status="PASS" starttime="20250922 14:45:34.148" endtime="20250922 14:45:36.028"/>
</kw>
<kw name="Sleep" library="BuiltIn">
<arg>time_=0.2s</arg>
<doc>Pauses the test executed for the given time.</doc>
<msg timestamp="20250922 14:45:36.237" level="INFO">Slept 200 milliseconds</msg>
<status status="PASS" starttime="20250922 14:45:36.029" endtime="20250922 14:45:36.240"/>
</kw>
<status status="PASS" starttime="20250922 14:45:34.146" endtime="20250922 14:45:36.241"/>
</kw>
<kw name="Realizar login válido do usuário" library="resources">
<kw name="Click Element" library="SeleniumLibrary">
<arg>locator=//*[@id="username"]</arg>
<doc>Click the element identified by ``locator``.</doc>
<msg timestamp="20250922 14:45:36.247" level="INFO">Clicking element '//*[@id="username"]'.</msg>
<status status="PASS" starttime="20250922 14:45:36.245" endtime="20250922 14:45:36.428"/>
</kw>
<kw name="Input Text" library="SeleniumLibrary">
<arg>locator=//*[@id="username"]</arg>
<arg>text=cepedirestic36</arg>
<doc>Types the given ``text`` into the text field identified by ``locator``.</doc>
<msg timestamp="20250922 14:45:36.431" level="INFO">Typing text 'cepedirestic36' into text field '//*[@id="username"]'.</msg>
<status status="PASS" starttime="20250922 14:45:36.429" endtime="20250922 14:45:36.655"/>
</kw>
<kw name="Click Element" library="SeleniumLibrary">
<arg>locator=//*[@id="password"]</arg>
<doc>Click the element identified by ``locator``.</doc>
<msg timestamp="20250922 14:45:36.656" level="INFO">Clicking element '//*[@id="password"]'.</msg>
<status status="PASS" starttime="20250922 14:45:36.656" endtime="20250922 14:45:36.792"/>
</kw>
<kw name="Input Password" library="SeleniumLibrary">
<arg>locator=//*[@id="password"]</arg>
<arg>password=dC2^OuQ$g1O4</arg>
<doc>Types the given password into the text field identified by ``locator``.</doc>
<msg timestamp="20250922 14:45:36.793" level="INFO">Typing password into text field '//*[@id="password"]'.</msg>
<msg timestamp="20250922 14:45:36.905" level="INFO">Temporally setting log level to: NONE</msg>
<msg timestamp="20250922 14:45:37.081" level="INFO">Log level changed from NONE to INFO.</msg>
<status status="PASS" starttime="20250922 14:45:36.792" endtime="20250922 14:45:37.082"/>
</kw>
<kw name="Sleep" library="BuiltIn">
<arg>time_=1s</arg>
<doc>Pauses the test executed for the given time.</doc>
<msg timestamp="20250922 14:45:38.084" level="INFO">Slept 1 second</msg>
<status status="PASS" starttime="20250922 14:45:37.082" endtime="20250922 14:45:38.086"/>
</kw>
<kw name="Click Button" library="SeleniumLibrary">
<arg>locator=//*[@id="app"]/div/div[8]/form/button</arg>
<doc>Clicks the button identified by ``locator``.</doc>
<msg timestamp="20250922 14:45:38.088" level="INFO">Clicking button '//*[@id="app"]/div/div[8]/form/button'.</msg>
<status status="PASS" starttime="20250922 14:45:38.087" endtime="20250922 14:45:38.288"/>
</kw>
<kw name="Wait Until Page Contains Element" library="SeleniumLibrary">
<arg>locator=${BTN-START}</arg>
<arg>timeout=5s</arg>
<doc>Waits until the element ``locator`` appears on the current page.</doc>
<status status="PASS" starttime="20250922 14:45:38.289" endtime="20250922 14:45:39.560"/>
</kw>
<status status="PASS" starttime="20250922 14:45:36.243" endtime="20250922 14:45:39.563"/>
</kw>
<kw name="Entrar no chat" library="resources">
<kw name="Wait Until Page Contains Element" library="SeleniumLibrary">
<arg>locator=${BTN-START}</arg>
<arg>timeout=5s</arg>
<doc>Waits until the element ``locator`` appears on the current page.</doc>
<status status="PASS" starttime="20250922 14:45:39.587" endtime="20250922 14:45:39.627"/>
</kw>
<kw name="Click Element" library="SeleniumLibrary">
<arg>locator=${BTN-START}</arg>
<doc>Click the element identified by ``locator``.</doc>
<msg timestamp="20250922 14:45:39.636" level="INFO">Clicking element '//*[@class="btn"]'.</msg>
<status status="PASS" starttime="20250922 14:45:39.628" endtime="20250922 14:45:39.846"/>
</kw>
<kw name="Sleep" library="BuiltIn">
<arg>time_=1s</arg>
<doc>Pauses the test executed for the given time.</doc>
<msg timestamp="20250922 14:45:40.849" level="INFO">Slept 1 second</msg>
<status status="PASS" starttime="20250922 14:45:39.847" endtime="20250922 14:45:40.850"/>
</kw>
<kw name="Wait Until Page Contains Element" library="SeleniumLibrary">
<arg>locator=${LOCATOR_LOGO_CONEXAI_HOMEPAGE}</arg>
<arg>timeout=5s</arg>
<doc>Waits until the element ``locator`` appears on the current page.</doc>
<status status="PASS" starttime="20250922 14:45:40.852" endtime="20250922 14:45:40.892"/>
</kw>
<kw name="Element Should Be Visible" library="SeleniumLibrary">
<arg>locator=${LOCATOR_LOGO_CONEXAI_HOMEPAGE}</arg>
<doc>Verifies that the element identified by ``locator`` is visible.</doc>
<msg timestamp="20250922 14:45:40.947" level="INFO">Element '//*[@id="app"]/div/div[1]/div/div[1]/div[1]/img' is displayed.</msg>
<status status="PASS" starttime="20250922 14:45:40.894" endtime="20250922 14:45:40.948"/>
</kw>
<status status="PASS" starttime="20250922 14:45:39.578" endtime="20250922 14:45:40.949"/>
</kw>
<kw name="Enviar prompt ao chat via input de texto" library="resources">
<kw name="Wait Until Element Is Visible" library="SeleniumLibrary">
<arg>locator=${INPUT_TEXT_CHAT}</arg>
<arg>timeout=2s</arg>
<doc>Waits until the element ``locator`` is visible.</doc>
<status status="PASS" starttime="20250922 14:45:40.955" endtime="20250922 14:45:41.042"/>
</kw>
<kw name="Click Element" library="SeleniumLibrary">
<arg>locator=${INPUT_TEXT_CHAT}</arg>
<doc>Click the element identified by ``locator``.</doc>
<msg timestamp="20250922 14:45:41.045" level="INFO">Clicking element '//*[@id="app"]/div/div[1]/div/div[2]/div[2]/input'.</msg>
<status status="PASS" starttime="20250922 14:45:41.043" endtime="20250922 14:45:41.210"/>
</kw>
<kw name="Input Text" library="SeleniumLibrary">
<arg>locator=${INPUT_TEXT_CHAT}</arg>
<arg>text=Liste os nomes dos clientes que cancelaram e o valor total de seus contratos.</arg>
<doc>Types the given ``text`` into the text field identified by ``locator``.</doc>
<msg timestamp="20250922 14:45:41.212" level="INFO">Typing text 'Liste os nomes dos clientes que cancelaram e o valor total de seus contratos.' into text field '//*[@id="app"]/div/div[1]/div/div[2]/div[2]/input'.</msg>
<status status="PASS" starttime="20250922 14:45:41.211" endtime="20250922 14:45:41.695"/>
</kw>
<kw name="Click Element" library="SeleniumLibrary">
<arg>locator=${BTN_DE_ENVIAR_PROMPT}</arg>
<doc>Click the element identified by ``locator``.</doc>
<msg timestamp="20250922 14:45:41.706" level="INFO">Clicking element '//*[@id="app"]/div/div[1]/div/div[2]/div[2]/img'.</msg>
<status status="PASS" starttime="20250922 14:45:41.697" endtime="20250922 14:45:41.930"/>
</kw>
<kw name="Press Keys" library="SeleniumLibrary">
<arg>${INPUT_TEXT_CHAT}</arg>
<arg>ENTER</arg>
<doc>Simulates the user pressing key(s) to an element or on the active browser.</doc>
<msg timestamp="20250922 14:45:41.944" level="INFO">Sending key(s) ('ENTER',) to //*[@id="app"]/div/div[1]/div/div[2]/div[2]/input element.</msg>
<msg timestamp="20250922 14:45:42.315" level="INFO">Pressing special key ENTER to element.</msg>
<msg timestamp="20250922 14:45:42.316" level="INFO">Releasing special key ENTER.</msg>
<status status="PASS" starttime="20250922 14:45:41.936" endtime="20250922 14:45:42.342"/>
</kw>
<kw name="Sleep" library="BuiltIn">
<arg>time_=20s</arg>
<doc>Pauses the test executed for the given time.</doc>
<msg timestamp="20250922 14:46:02.346" level="INFO">Slept 20 seconds</msg>
<status status="PASS" starttime="20250922 14:45:42.344" endtime="20250922 14:46:02.347"/>
</kw>
<status status="PASS" starttime="20250922 14:45:40.953" endtime="20250922 14:46:02.349"/>
</kw>
<kw name="Dar &quot;Dislike&quot; na resposta da IA" library="resources">
<kw name="Click Element" library="SeleniumLibrary">
<arg>locator=${BTN-DESLIKE}</arg>
<doc>Click the element identified by ``locator``.</doc>
<msg timestamp="20250922 14:46:02.354" level="INFO">Clicking element '//*[@id="app"]/div/div[1]/div/div[2]/div[1]/div/div/div[2]/div[2]/button[4]'.</msg>
<status status="PASS" starttime="20250922 14:46:02.352" endtime="20250922 14:46:02.608"/>
</kw>
<kw name="Capture Element Screenshot" library="SeleniumLibrary">
<arg>locator=${BTN-DESLIKE}</arg>
<doc>Captures a screenshot from the element identified by ``locator`` and embeds it into log file.</doc>
<msg timestamp="20250922 14:46:02.813" level="INFO" html="true">&lt;/td&gt;&lt;/tr&gt;&lt;tr&gt;&lt;td colspan="3"&gt;&lt;a href="selenium-element-screenshot-2.png"&gt;&lt;img src="selenium-element-screenshot-2.png" width="400px"&gt;&lt;/a&gt;</msg>
<status status="PASS" starttime="20250922 14:46:02.610" endtime="20250922 14:46:02.814"/>
</kw>
<status status="PASS" starttime="20250922 14:46:02.351" endtime="20250922 14:46:02.815"/>
</kw>
<kw name="Fechar O Navegador" library="resources" type="TEARDOWN">
<kw name="Close All Browsers" library="SeleniumLibrary">
<doc>Closes all open browsers and resets the browser cache.</doc>
<status status="PASS" starttime="20250922 14:46:02.822" endtime="20250922 14:46:05.941"/>
</kw>
<status status="PASS" starttime="20250922 14:46:02.821" endtime="20250922 14:46:05.942"/>
</kw>
<doc>Verificar se o usuário consegue dar "Dislike" na resposta da IA via botão de "Dislike"</doc>
<status status="PASS" starttime="20250922 14:45:30.946" endtime="20250922 14:46:05.943"/>
</test>
<doc>Casos de teste para a automatização de testes no projeto ConexAI</doc>
<status status="PASS" starttime="20250922 14:45:30.386" endtime="20250922 14:46:05.951"/>
</suite>
<statistics>
<total>
<stat pass="1" fail="0" skip="0">All Tests</stat>
</total>
<tag>
</tag>
<suite>
<stat pass="1" fail="0" skip="0" id="s1" name="Casos De Teste">Casos De Teste</stat>
</suite>
</statistics>
<errors>
</errors>
</robot>
