<?xml version="1.0" encoding="UTF-8"?>
<robot generator="Robot 7.3.2 (Python 3.12.3 on linux)" generated="2025-09-13T11:52:52.194816" rpa="false" schemaversion="5">
<suite id="s1" name="Casos De Teste" source="/home/felipe-rrgama/Documentos/conexAI/analise-estrategica-financeira-teste/robot/casos_de_teste.robot">
<test id="s1-t1" name="CT-001: Login válido no sistema" line="10">
<kw name="Abrir O Navegador" owner="resources" type="SETUP">
<kw name="Open Browser" owner="SeleniumLibrary">
<msg time="2025-09-13T11:52:52.400722" level="INFO">Opening browser 'chrome' to base url 'None'.</msg>
<arg>browser=chrome</arg>
<doc>Opens a new browser instance to the optional ``url``.</doc>
<status status="PASS" start="2025-09-13T11:52:52.400378" elapsed="1.029662"/>
</kw>
<kw name="Maximize Browser Window" owner="SeleniumLibrary">
<doc>Maximizes current browser window.</doc>
<status status="PASS" start="2025-09-13T11:52:53.430919" elapsed="0.075862"/>
</kw>
<status status="PASS" start="2025-09-13T11:52:52.399559" elapsed="1.107546"/>
</kw>
<kw name="Acessar url do projeto" owner="resources">
<kw name="Go To" owner="SeleniumLibrary">
<msg time="2025-09-13T11:52:53.508940" level="INFO">Opening url 'http://localhost:3000/'</msg>
<msg time="2025-09-13T11:52:54.016707" level="INFO" html="true">&lt;/td&gt;&lt;/tr&gt;&lt;tr&gt;&lt;td colspan="3"&gt;&lt;a href="selenium-screenshot-1.png"&gt;&lt;img src="selenium-screenshot-1.png" width="800px"&gt;&lt;/a&gt;</msg>
<msg time="2025-09-13T11:52:54.017076" level="FAIL">WebDriverException: Message: unknown error: net::ERR_CONNECTION_REFUSED
  (Session info: chrome=140.0.7339.127)
Stacktrace:
#0 0x5c4ff46e894a &lt;unknown&gt;
#1 0x5c4ff415d8a0 &lt;unknown&gt;
#2 0x5c4ff4154ce8 &lt;unknown&gt;
#3 0x5c4ff41461b6 &lt;unknown&gt;
#4 0x5c4ff4147f00 &lt;unknown&gt;
#5 0x5c4ff414655e &lt;unknown&gt;
#6 0x5c4ff4145ee7 &lt;unknown&gt;
#7 0x5c4ff4145bc5 &lt;unknown&gt;
#8 0x5c4ff4143a42 &lt;unknown&gt;
#9 0x5c4ff414422a &lt;unknown&gt;
#10 0x5c4ff4160db9 &lt;unknown&gt;
#11 0x5c4ff41fb835 &lt;unknown&gt;
#12 0x5c4ff41d5032 &lt;unknown&gt;
#13 0x5c4ff41fac23 &lt;unknown&gt;
#14 0x5c4ff41d4e03 &lt;unknown&gt;
#15 0x5c4ff41a1968 &lt;unknown&gt;
#16 0x5c4ff41a25e1 &lt;unknown&gt;
#17 0x5c4ff46ac548 &lt;unknown&gt;
#18 0x5c4ff46b0272 &lt;unknown&gt;
#19 0x5c4ff4693313 &lt;unknown&gt;
#20 0x5c4ff46b0dc5 &lt;unknown&gt;
#21 0x5c4ff467849f &lt;unknown&gt;
#22 0x5c4ff46d5158 &lt;unknown&gt;
#23 0x5c4ff46d5332 &lt;unknown&gt;
#24 0x5c4ff46e7a53 &lt;unknown&gt;
#25 0x799b10c9caa4 &lt;unknown&gt;
#26 0x799b10d29c3c &lt;unknown&gt;
</msg>
<arg>url=${URL}</arg>
<doc>Navigates the current browser window to the provided ``url``.</doc>
<status status="FAIL" start="2025-09-13T11:52:53.508489" elapsed="0.512769">WebDriverException: Message: unknown error: net::ERR_CONNECTION_REFUSED
  (Session info: chrome=140.0.7339.127)
Stacktrace:
#0 0x5c4ff46e894a &lt;unknown&gt;
#1 0x5c4ff415d8a0 &lt;unknown&gt;
#2 0x5c4ff4154ce8 &lt;unknown&gt;
#3 0x5c4ff41461b6 &lt;unknown&gt;
#4 0x5c4ff4147f00 &lt;unknown&gt;
#5 0x5c4ff414655e &lt;unknown&gt;
#6 0x5c4ff4145ee7 &lt;unknown&gt;
#7 0x5c4ff4145bc5 &lt;unknown&gt;
#8 0x5c4ff4143a42 &lt;unknown&gt;
#9 0x5c4ff414422a &lt;unknown&gt;
#10 0x5c4ff4160db9 &lt;unknown&gt;
#11 0x5c4ff41fb835 &lt;unknown&gt;
#12 0x5c4ff41d5032 &lt;unknown&gt;
#13 0x5c4ff41fac23 &lt;unknown&gt;
#14 0x5c4ff41d4e03 &lt;unknown&gt;
#15 0x5c4ff41a1968 &lt;unknown&gt;
#16 0x5c4ff41a25e1 &lt;unknown&gt;
#17 0x5c4ff46ac548 &lt;unknown&gt;
#18 0x5c4ff46b0272 &lt;unknown&gt;
#19 0x5c4ff4693313 &lt;unknown&gt;
#20 0x5c4ff46b0dc5 &lt;unknown&gt;
#21 0x5c4ff467849f &lt;unknown&gt;
#22 0x5c4ff46d5158 &lt;unknown&gt;
#23 0x5c4ff46d5332 &lt;unknown&gt;
#24 0x5c4ff46e7a53 &lt;unknown&gt;
#25 0x799b10c9caa4 &lt;unknown&gt;
#26 0x799b10d29c3c &lt;unknown&gt;
</status>
</kw>
<kw name="Sleep" owner="BuiltIn">
<arg>time_=5s</arg>
<doc>Pauses the test executed for the given time.</doc>
<status status="NOT RUN" start="2025-09-13T11:52:54.021788" elapsed="0.000242"/>
</kw>
<status status="FAIL" start="2025-09-13T11:52:53.507789" elapsed="0.514586">WebDriverException: Message: unknown error: net::ERR_CONNECTION_REFUSED
  (Session info: chrome=140.0.7339.127)
Stacktrace:
#0 0x5c4ff46e894a &lt;unknown&gt;
#1 0x5c4ff415d8a0 &lt;unknown&gt;
#2 0x5c4ff4154ce8 &lt;unknown&gt;
#3 0x5c4ff41461b6 &lt;unknown&gt;
#4 0x5c4ff4147f00 &lt;unknown&gt;
#5 0x5c4ff414655e &lt;unknown&gt;
#6 0x5c4ff4145ee7 &lt;unknown&gt;
#7 0x5c4ff4145bc5 &lt;unknown&gt;
#8 0x5c4ff4143a42 &lt;unknown&gt;
#9 0x5c4ff414422a &lt;unknown&gt;
#10 0x5c4ff4160db9 &lt;unknown&gt;
#11 0x5c4ff41fb835 &lt;unknown&gt;
#12 0x5c4ff41d5032 &lt;unknown&gt;
#13 0x5c4ff41fac23 &lt;unknown&gt;
#14 0x5c4ff41d4e03 &lt;unknown&gt;
#15 0x5c4ff41a1968 &lt;unknown&gt;
#16 0x5c4ff41a25e1 &lt;unknown&gt;
#17 0x5c4ff46ac548 &lt;unknown&gt;
#18 0x5c4ff46b0272 &lt;unknown&gt;
#19 0x5c4ff4693313 &lt;unknown&gt;
#20 0x5c4ff46b0dc5 &lt;unknown&gt;
#21 0x5c4ff467849f &lt;unknown&gt;
#22 0x5c4ff46d5158 &lt;unknown&gt;
#23 0x5c4ff46d5332 &lt;unknown&gt;
#24 0x5c4ff46e7a53 &lt;unknown&gt;
#25 0x799b10c9caa4 &lt;unknown&gt;
#26 0x799b10d29c3c &lt;unknown&gt;
</status>
</kw>
<kw name="Realizar login válido do usuário" owner="resources">
<status status="NOT RUN" start="2025-09-13T11:52:54.023060" elapsed="0.000208"/>
</kw>
<kw name="Fechar O Navegador" owner="resources" type="TEARDOWN">
<kw name="Close All Browsers" owner="SeleniumLibrary">
<doc>Closes all open browsers and resets the browser cache.</doc>
<status status="PASS" start="2025-09-13T11:52:54.024664" elapsed="0.100820"/>
</kw>
<status status="PASS" start="2025-09-13T11:52:54.024113" elapsed="0.101730"/>
</kw>
<doc>Verificar se o usuário consegue realizar login com credenciais válidas e se o sistema exibe uma notificação de erro ao usar credenciais inválidas.</doc>
<status status="FAIL" start="2025-09-13T11:52:52.398476" elapsed="1.727591">WebDriverException: Message: unknown error: net::ERR_CONNECTION_REFUSED
  (Session info: chrome=140.0.7339.127)
Stacktrace:
#0 0x5c4ff46e894a &lt;unknown&gt;
#1 0x5c4ff415d8a0 &lt;unknown&gt;
#2 0x5c4ff4154ce8 &lt;unknown&gt;
#3 0x5c4ff41461b6 &lt;unknown&gt;
#4 0x5c4ff4147f00 &lt;unknown&gt;
#5 0x5c4ff414655e &lt;unknown&gt;
#6 0x5c4ff4145ee7 &lt;unknown&gt;
#7 0x5c4ff4145bc5 &lt;unknown&gt;
#8 0x5c4ff4143a42 &lt;unknown&gt;
#9 0x5c4ff414422a &lt;unknown&gt;
#10 0x5c4ff4160db9 &lt;unknown&gt;
#11 0x5c4ff41fb835 &lt;unknown&gt;
#12 0x5c4ff41d5032 &lt;unknown&gt;
#13 0x5c4ff41fac23 &lt;unknown&gt;
#14 0x5c4ff41d4e03 &lt;unknown&gt;
#15 0x5c4ff41a1968 &lt;unknown&gt;
#16 0x5c4ff41a25e1 &lt;unknown&gt;
#17 0x5c4ff46ac548 &lt;unknown&gt;
#18 0x5c4ff46b0272 &lt;unknown&gt;
#19 0x5c4ff4693313 &lt;unknown&gt;
#20 0x5c4ff46b0dc5 &lt;unknown&gt;
#21 0x5c4ff467849f &lt;unknown&gt;
#22 0x5c4ff46d5158 &lt;unknown&gt;
#23 0x5c4ff46d5332 &lt;unknown&gt;
#24 0x5c4ff46e7a53 &lt;unknown&gt;
#25 0x799b10c9caa4 &lt;unknown&gt;
#26 0x799b10d29c3c &lt;unknown&gt;
</status>
</test>
<doc>Casos de teste para a automatização de testes no projeto ConexAI</doc>
<status status="FAIL" start="2025-09-13T11:52:52.198337" elapsed="1.928633"/>
</suite>
<statistics>
<total>
<stat pass="0" fail="1" skip="0">All Tests</stat>
</total>
<tag>
</tag>
<suite>
<stat name="Casos De Teste" id="s1" pass="0" fail="1" skip="0">Casos De Teste</stat>
</suite>
</statistics>
<errors>
</errors>
</robot>
